c:\users\hacel\source\repos\boc_project\boc_project\debug\vc141.pdb
c:\users\hacel\source\repos\boc_project\boc_project\debug\vc141.idb
c:\users\hacel\source\repos\boc_project\boc_project\debug\d3dapp.obj
c:\users\hacel\source\repos\boc_project\boc_project\debug\gametimer.obj
c:\users\hacel\source\repos\boc_project\boc_project\debug\bocengine.obj
c:\users\hacel\source\repos\boc_project\boc_project\debug\_main.obj
c:\users\hacel\source\repos\boc_project\debug\color.cso
c:\users\hacel\source\repos\boc_project\debug\boc_project.exe
c:\users\hacel\source\repos\boc_project\debug\boc_project.ilk
c:\users\hacel\source\repos\boc_project\debug\boc_project.pdb
c:\users\hacel\source\repos\boc_project\boc_project\debug\boc_project.res
c:\users\hacel\source\repos\boc_project\boc_project\debug\bocengine.obj.enc
c:\users\hacel\source\repos\boc_project\boc_project\debug\boc_project.tlog\cl.command.1.tlog
c:\users\hacel\source\repos\boc_project\boc_project\debug\boc_project.tlog\cl.read.1.tlog
c:\users\hacel\source\repos\boc_project\boc_project\debug\boc_project.tlog\cl.write.1.tlog
c:\users\hacel\source\repos\boc_project\boc_project\debug\boc_project.tlog\fxc.command.1.tlog
c:\users\hacel\source\repos\boc_project\boc_project\debug\boc_project.tlog\fxc.read.1.tlog
c:\users\hacel\source\repos\boc_project\boc_project\debug\boc_project.tlog\fxc.write.1.tlog
c:\users\hacel\source\repos\boc_project\boc_project\debug\boc_project.tlog\link.command.1.tlog
c:\users\hacel\source\repos\boc_project\boc_project\debug\boc_project.tlog\link.read.1.tlog
c:\users\hacel\source\repos\boc_project\boc_project\debug\boc_project.tlog\link.write.1.tlog
c:\users\hacel\source\repos\boc_project\boc_project\debug\boc_project.tlog\rc.command.1.tlog
c:\users\hacel\source\repos\boc_project\boc_project\debug\boc_project.tlog\rc.read.1.tlog
c:\users\hacel\source\repos\boc_project\boc_project\debug\boc_project.tlog\rc.write.1.tlog
